<?xml version="1.0" encoding="UTF-8"?>
<TestRun id="ee31eeee-0ddd-46c2-8e01-c9720d5dd80d" name="dgunti@HYD-DGUNTI 2016-02-12 12:53:34" runUser="DOMAIN99\dgunti" xmlns="http://microsoft.com/schemas/VisualStudio/TeamTest/2010">
  <TestSettings name="Default Test Settings" id="cfeef512-6e0e-42c1-8949-6e86733701ef">
    <Execution>
      <TestTypeSpecific />
      <AgentRule name="Execution Agents">
      </AgentRule>
    </Execution>
    <Deployment runDeploymentRoot="dgunti_HYD-DGUNTI 2016-02-12 12_53_34" />
    <Properties />
  </TestSettings>
  <Times creation="2016-02-12T12:53:34.8877316+05:30" queuing="2016-02-12T12:53:35.4885316+05:30" start="2016-02-12T12:53:35.5977316+05:30" finish="2016-02-12T12:53:35.8941316+05:30" />
  <ResultSummary outcome="Completed">
    <Counters total="1" executed="1" passed="1" error="0" failed="0" timeout="0" aborted="0" inconclusive="0" passedButRunAborted="0" notRunnable="0" notExecuted="0" disconnected="0" warning="0" completed="0" inProgress="0" pending="0" />
  </ResultSummary>
  <TestDefinitions>
    <UnitTest name="TestMethod1" storage="./sampletestproject/bin/debug/sampletestproject.dll" id="bfc370b2-bc7f-75ee-c02e-3060eea25d09">
      <Execution id="d52f1a7a-8e42-46b6-9c95-4f9cd8f28298" />
      <TestMethod codeBase="D:/SampleRepoHooks/SampleTestProject/bin/Debug/SampleTestProject.DLL" adapterTypeName="Microsoft.VisualStudio.TestTools.TestTypes.Unit.UnitTestAdapter, Microsoft.VisualStudio.QualityTools.Tips.UnitTest.Adapter, Version=14.0.0.0, Culture=neutral, PublicKeyToken=b03f5f7f11d50a3a" className="SampleTestProject.UnitTest1, SampleTestProject, Version=1.0.0.0, Culture=neutral, PublicKeyToken=null" name="TestMethod1" />
    </UnitTest>
  </TestDefinitions>
  <TestLists>
    <TestList name="Results Not in a List" id="8c84fa94-04c1-424b-9868-57a2d4851a1d" />
    <TestList name="All Loaded Results" id="19431567-8539-422a-85d7-44ee4e166bda" />
  </TestLists>
  <TestEntries>
    <TestEntry testId="bfc370b2-bc7f-75ee-c02e-3060eea25d09" executionId="d52f1a7a-8e42-46b6-9c95-4f9cd8f28298" testListId="8c84fa94-04c1-424b-9868-57a2d4851a1d" />
  </TestEntries>
  <Results>
    <UnitTestResult executionId="d52f1a7a-8e42-46b6-9c95-4f9cd8f28298" testId="bfc370b2-bc7f-75ee-c02e-3060eea25d09" testName="TestMethod1" computerName="HYD-DGUNTI" duration="00:00:00.0101921" startTime="2016-02-12T12:53:35.6445316+05:30" endTime="2016-02-12T12:53:35.8473316+05:30" testType="13cdc9d9-ddb5-4fa4-a97d-d965ccfc6d4b" outcome="Passed" testListId="8c84fa94-04c1-424b-9868-57a2d4851a1d" relativeResultsDirectory="d52f1a7a-8e42-46b6-9c95-4f9cd8f28298">
    </UnitTestResult>
  </Results>
</TestRun>